<?xml version="1.0" encoding="UTF-8"?>
<!-- Generated by org.testng.reporters.JUnitReportReporter -->
<testsuite hostname="DESKTOP-8343GOC" failures="0" tests="1" name="com.tb.testcases.AddCustomerTest" time="1.051" errors="0" timestamp="15 May 2019 12:56:16 GMT" skipped="0">
  <testcase classname="com.tb.testcases.AddCustomerTest" name="AddCustomer" time="1.051"/>
</testsuite> <!-- com.tb.testcases.AddCustomerTest -->
