<?xml version="1.0" encoding="UTF-8"?>
<!-- Generated by org.testng.reporters.JUnitReportReporter -->
<testsuite hostname="DESKTOP-8343GOC" failures="0" tests="1" name="com.tb.testcases.AddCustomerTest" time="1.244" errors="0" timestamp="16 May 2019 12:42:06 GMT" skipped="0">
  <testcase classname="com.tb.testcases.AddCustomerTest" name="AddCustomer" time="1.244"/>
</testsuite> <!-- com.tb.testcases.AddCustomerTest -->
