<?xml version="1.0" encoding="UTF-8"?>
<!-- Generated by org.testng.reporters.JUnitReportReporter -->
<testsuite hostname="DESKTOP-8343GOC" failures="0" tests="1" name="com.tb.testcases.BankManagerLoginTest" time="3.175" errors="0" timestamp="15 May 2019 12:56:16 GMT" skipped="0">
  <testcase classname="com.tb.testcases.BankManagerLoginTest" name="loginAsBankManager" time="3.175"/>
</testsuite> <!-- com.tb.testcases.BankManagerLoginTest -->
