<?xml version="1.0" encoding="UTF-8"?>
<!-- Generated by org.testng.reporters.JUnitReportReporter -->
<testsuite hostname="DESKTOP-8343GOC" failures="0" tests="1" name="com.tb.testcases.BankManagerLoginTest" time="3.269" errors="0" timestamp="16 May 2019 12:42:06 GMT" skipped="0">
  <testcase classname="com.tb.testcases.BankManagerLoginTest" name="loginAsBankManager" time="3.269"/>
</testsuite> <!-- com.tb.testcases.BankManagerLoginTest -->
