<?xml version="1.0" encoding="UTF-8"?>
<!-- Generated by org.testng.reporters.JUnitReportReporter -->
<testsuite hostname="DESKTOP-8343GOC" failures="0" tests="1" name="com.tb.testcases.AddCustomerTest" time="1.291" errors="0" timestamp="17 May 2019 12:30:00 GMT" skipped="0">
  <testcase classname="com.tb.testcases.AddCustomerTest" name="AddCustomer" time="1.291"/>
</testsuite> <!-- com.tb.testcases.AddCustomerTest -->
