<?xml version="1.0" encoding="UTF-8"?>
<!-- Generated by org.testng.reporters.JUnitReportReporter -->
<testsuite hostname="DESKTOP-8343GOC" failures="0" tests="1" name="com.tb.testcases.AddCustomerTest" time="1.293" errors="0" timestamp="29 Jul 2019 12:21:57 GMT" skipped="0">
  <testcase classname="com.tb.testcases.AddCustomerTest" name="AddCustomer" time="1.293"/>
</testsuite> <!-- com.tb.testcases.AddCustomerTest -->
